Command: vcs -timescale=1ns/1fs -j8 -sverilog +v2k -full64 -Mupdate -R -debug_access+all \
-y /usr/cad/synopsys/synthesis/cur/dw/sim_ver/ +libext+.v -f filelist.f -o simv -l \
vcs.log -P /usr/cad/synopsys/verdi/2019.06//share/PLI/VCS/linux64/novas.tab /usr/cad/synopsys/verdi/2019.06//share/PLI/VCS/linux64/pli.a \
+define+RTL +notimingchecks
*** Using c compiler gcc instead of cc ...
                         Chronologic VCS (TM)
         Version T-2022.06_Full64 -- Mon Oct 14 12:41:43 2024

                    Copyright (c) 1991 - 2022 Synopsys, Inc.
   This software and the associated documentation are proprietary to Synopsys,
 Inc. This software may only be used in accordance with the terms and conditions
 of a written license agreement with Synopsys, Inc. All other use, reproduction,
   or distribution of this software is strictly prohibited.  Licensed Products
     communicate with Synopsys servers for the purpose of providing software
    updates, detecting software piracy and verifying that customers are using
    Licensed Products in conformity with the applicable License Key for such
  Licensed Products. Synopsys will use information gathered in connection with
    this process to deliver software updates and pursue software pirates and
                                   infringers.

 Inclusivity & Diversity - Visit SolvNetPlus to read the "Synopsys Statement on
            Inclusivity and Diversity" (Refer to article 000036315 at
                        https://solvnetplus.synopsys.com)

Parsing design file 'TESTBED.v'
Parsing included file 'PATTERN.v'.
Back to file 'TESTBED.v'.
Parsing included file 'TMIP.v'.
Back to file 'TESTBED.v'.
Parsing design file '../04_MEM/MEM_16_16.v'
Parsing design file '../04_MEM/MEM_32_32.v'
Parsing design file '../04_MEM/MEM_16b_512.v'
Parsing design file '../04_MEM/MEM_16b_128.v'
Top Level Modules:
       TESTBED
       MEM_16_16
       MEM_32_32
TimeScale is 10 ps / 1 ps
Starting vcs inline pass...


Note-[VCS_PARAL] Parallel code-gen enabled
  VCS is running with parallel code generation(-j)...

9 modules and 0 UDP read.
recompiling module MEM_16b_128
recompiling module PATTERN
Both modules done.
	However, due to incremental compilation, only 2 modules need to be compiled. 
make[1]: Entering directory `/RAID2/COURSE/iclab/iclab170/Lab05_2024A/Exercise/01_RTL/csrc' \

rm -f _cuarc*.so _csrc*.so pre_vcsobj_*.so share_vcsobj_*.so
ld -shared  -Bsymbolic   -o .//../simv.daidir//_cuarc0.so objs/amcQw_d.o 
rm -f _cuarc0.so
if [ -x ../simv ]; then chmod a-x ../simv; fi
g++  -o ../simv      -rdynamic  -Wl,-rpath='$ORIGIN'/simv.daidir -Wl,-rpath=./simv.daidir \
-Wl,-rpath=/usr/cad/synopsys/vcs/2022.06/linux64/lib -L/usr/cad/synopsys/vcs/2022.06/linux64/lib \
-Wl,-rpath-link=./  /usr/lib64/libnuma.so.1     _84518_archive_1.so _84538_archive_1.so \
_84539_archive_1.so _prev_archive_1.so _cuarc0.so  SIM_l.o      rmapats_mop.o rmapats.o \
rmar.o rmar_nd.o  rmar_llvm_0_1.o rmar_llvm_0_0.o           -lvirsim -lerrorinf -lsnpsmalloc \
-lvfs /usr/cad/synopsys/verdi/2019.06//share/PLI/VCS/linux64/pli.a    -lvcsnew -lsimprofile \
-luclinative /usr/cad/synopsys/vcs/2022.06/linux64/lib/vcs_tls.o   -Wl,-whole-archive \
-lvcsucli    -Wl,-no-whole-archive        _vcs_pli_stub_.o   /usr/cad/synopsys/vcs/2022.06/linux64/lib/vcs_save_restore_new.o \
/usr/cad/synopsys/verdi/2019.06//share/PLI/VCS/LINUX64/pli.a -ldl -lm  -lc -lpthread \
-ldl 
../simv up to date
make[1]: Leaving directory `/RAID2/COURSE/iclab/iclab170/Lab05_2024A/Exercise/01_RTL/csrc' \

Command: /RAID2/COURSE/iclab/iclab170/Lab05_2024A/Exercise/01_RTL/./simv +v2k +libext+.v -a vcs.log +define+RTL +notimingchecks
Chronologic VCS simulator copyright 1991-2022
Contains Synopsys proprietary information.
Compiler version T-2022.06_Full64; Runtime version T-2022.06_Full64;  Oct 14 12:41 2024
*Verdi* Loading libsscore_vcs201906.so
FSDB Dumper for VCS, Release Verdi_P-2019.06, Linux x86_64/64bit, 05/26/2019
(C) 1996 - 2019 by Synopsys, Inc.
***********************************************************************
*  ERROR -                                                            *
*  The simulator version is newer than the FSDB dumper version which  *
*  may cause abnormal behavior, please contact Synopsys support for   *
*  assistance.                                                        *
***********************************************************************
*Verdi* FSDB WARNING: The FSDB file already exists. Overwriting the FSDB file may crash the programs that are using this file.
*Verdi* : Create FSDB file 'TMIP.fsdb'
*Verdi* : Begin traversing the scopes, layer (0).
*Verdi* : Enable +mda dumping.
*Verdi* : End of traversing.
*Verdi* : Begin traversing the scopes, layer (0).
*Verdi* : End of traversing.
[0;34m =========== Pattern:  0 =========== [m
[0;32m $ Pass set: 0, latency:   97 [m
[0;32m $ Pass set: 1, latency:    8 [m
[0;32m $ Pass set: 2, latency:   83 [m
[0;32m $ Pass set: 3, latency:    8 [m
[0;32m $ Pass set: 4, latency:   83 [m
[0;32m $ Pass set: 5, latency:    8 [m
[0;32m $ Pass set: 6, latency:  177 [m
[0;32m $ Pass set: 7, latency:    8 [m
[0;33m ###### Pass pattern:  0 ###### [m
[0;34m =========== Pattern:  1 =========== [m
[0;32m $ Pass set: 0, latency:    8 [m
[0;32m $ Pass set: 1, latency:   37 [m
[0;32m $ Pass set: 2, latency:   22 [m
[0;32m $ Pass set: 3, latency:    8 [m
[0;32m $ Pass set: 4, latency:    9 [m
[0;32m $ Pass set: 5, latency:    9 [m
[0;32m $ Pass set: 6, latency:    8 [m
[0;32m $ Pass set: 7, latency:    8 [m
[0;33m ###### Pass pattern:  1 ###### [m
[0;34m =========== Pattern:  2 =========== [m
[0;32m $ Pass set: 0, latency:   83 [m
[0;32m $ Pass set: 1, latency:    8 [m
[0;32m $ Pass set: 2, latency:   43 [m
[0;32m $ Pass set: 3, latency:   43 [m
[0;32m $ Pass set: 4, latency:   43 [m
[0;32m $ Pass set: 5, latency:   57 [m
[0;32m $ Pass set: 6, latency:   45 [m
[0;32m $ Pass set: 7, latency:  168 [m
[0;33m ###### Pass pattern:  2 ###### [m
[0;34m =========== Pattern:  3 =========== [m
[0;32m $ Pass set: 0, latency:  428 [m
[0;32m $ Pass set: 1, latency:  288 [m
[0;32m $ Pass set: 2, latency:    8 [m
[0;32m $ Pass set: 3, latency:  179 [m
[0;32m $ Pass set: 4, latency:  179 [m
[0;32m $ Pass set: 5, latency:    8 [m
[0;32m $ Pass set: 6, latency:  174 [m
[0;32m $ Pass set: 7, latency:  175 [m
[0;33m ###### Pass pattern:  3 ###### [m
[0;34m =========== Pattern:  4 =========== [m
[0;32m $ Pass set: 0, latency:    8 [m
[0;32m $ Pass set: 1, latency:    8 [m
[0;32m $ Pass set: 2, latency:  148 [m
[0;32m $ Pass set: 3, latency:  279 [m
[0;32m $ Pass set: 4, latency:  139 [m
[0;32m $ Pass set: 5, latency:    8 [m
[0;32m $ Pass set: 6, latency:  314 [m
[0;32m $ Pass set: 7, latency:    8 [m
[0;33m ###### Pass pattern:  4 ###### [m
[0;34m =========== Pattern:  5 =========== [m
[0;32m $ Pass set: 0, latency:    8 [m
[0;32m $ Pass set: 1, latency:    8 [m
[0;32m $ Pass set: 2, latency:    8 [m
[0;32m $ Pass set: 3, latency:   24 [m
[0;32m $ Pass set: 4, latency:   22 [m
[0;32m $ Pass set: 5, latency:    9 [m
[0;32m $ Pass set: 6, latency:    8 [m
[0;32m $ Pass set: 7, latency:   22 [m
[0;33m ###### Pass pattern:  5 ###### [m
[0;34m =========== Pattern:  6 =========== [m
[0;32m $ Pass set: 0, latency:   36 [m
[0;32m $ Pass set: 1, latency:    8 [m
[0;32m $ Pass set: 2, latency:   22 [m
[0;32m $ Pass set: 3, latency:   22 [m
[0;32m $ Pass set: 4, latency:   11 [m
[0;32m $ Pass set: 5, latency:   23 [m
[0;32m $ Pass set: 6, latency:    8 [m
[0;32m $ Pass set: 7, latency:    8 [m
[0;33m ###### Pass pattern:  6 ###### [m
[0;34m =========== Pattern:  7 =========== [m
[0;32m $ Pass set: 0, latency:   43 [m
[0;32m $ Pass set: 1, latency:   59 [m
[0;32m $ Pass set: 2, latency:    8 [m
[0;32m $ Pass set: 3, latency:   57 [m
[0;32m $ Pass set: 4, latency:  123 [m
[0;32m $ Pass set: 5, latency:   43 [m
[0;32m $ Pass set: 6, latency:   83 [m
[0;32m $ Pass set: 7, latency:   48 [m
[0;33m ###### Pass pattern:  7 ###### [m
[0;34m =========== Pattern:  8 =========== [m
[0;32m $ Pass set: 0, latency:    8 [m
[0;32m $ Pass set: 1, latency:   58 [m
[0;32m $ Pass set: 2, latency:    8 [m
[0;32m $ Pass set: 3, latency:    8 [m
[0;32m $ Pass set: 4, latency:  128 [m
[0;32m $ Pass set: 5, latency:    8 [m
[0;32m $ Pass set: 6, latency:    8 [m
[0;32m $ Pass set: 7, latency:   48 [m
[0;33m ###### Pass pattern:  8 ###### [m
[0;34m =========== Pattern:  9 =========== [m
[0;32m $ Pass set: 0, latency:  419 [m
[0;32m $ Pass set: 1, latency:    8 [m
[0;32m $ Pass set: 2, latency:  175 [m
[0;32m $ Pass set: 3, latency:    8 [m
[0;32m $ Pass set: 4, latency:  419 [m
[0;32m $ Pass set: 5, latency:  148 [m
[0;32m $ Pass set: 6, latency:  139 [m
[0;32m $ Pass set: 7, latency:    8 [m
[0;33m ###### Pass pattern:  9 ###### [m
[0;34m =========== Pattern: 10 =========== [m
[0;32m $ Pass set: 0, latency:   43 [m
[0;32m $ Pass set: 1, latency:  163 [m
[0;32m $ Pass set: 2, latency:   44 [m
[0;32m $ Pass set: 3, latency:   48 [m
[0;32m $ Pass set: 4, latency:    8 [m
[0;32m $ Pass set: 5, latency:   71 [m
[0;32m $ Pass set: 6, latency:    8 [m
[0;32m $ Pass set: 7, latency:   46 [m
[0;33m ###### Pass pattern: 10 ###### [m
[0;34m =========== Pattern: 11 =========== [m
[0;32m $ Pass set: 0, latency:   23 [m
[0;32m $ Pass set: 1, latency:   50 [m
[0;32m $ Pass set: 2, latency:   64 [m
[0;32m $ Pass set: 3, latency:    8 [m
[0;32m $ Pass set: 4, latency:   22 [m
[0;32m $ Pass set: 5, latency:    9 [m
[0;32m $ Pass set: 6, latency:    8 [m
[0;32m $ Pass set: 7, latency:   51 [m
[0;33m ###### Pass pattern: 11 ###### [m
[0;34m =========== Pattern: 12 =========== [m
[0;32m $ Pass set: 0, latency:  189 [m
[0;32m $ Pass set: 1, latency:  148 [m
[0;32m $ Pass set: 2, latency:  259 [m
[0;32m $ Pass set: 3, latency:    8 [m
[0;32m $ Pass set: 4, latency:  279 [m
[0;32m $ Pass set: 5, latency:    8 [m
[0;32m $ Pass set: 6, latency:  314 [m
[0;32m $ Pass set: 7, latency:  139 [m
[0;33m ###### Pass pattern: 12 ###### [m
[0;34m =========== Pattern: 13 =========== [m
[0;32m $ Pass set: 0, latency:  179 [m
[0;32m $ Pass set: 1, latency:  202 [m
[0;32m $ Pass set: 2, latency:  228 [m
[0;32m $ Pass set: 3, latency:    8 [m
[0;32m $ Pass set: 4, latency:  148 [m
[0;32m $ Pass set: 5, latency:  594 [m
[0;32m $ Pass set: 6, latency:  254 [m
[0;32m $ Pass set: 7, latency:  174 [m
[0;33m ###### Pass pattern: 13 ###### [m
[0;34m =========== Pattern: 14 =========== [m
[0;32m $ Pass set: 0, latency:  214 [m
[0;32m $ Pass set: 1, latency:  288 [m
[0;32m $ Pass set: 2, latency:  139 [m
[0;32m $ Pass set: 3, latency:  139 [m
[0;32m $ Pass set: 4, latency:  139 [m
[0;32m $ Pass set: 5, latency:    8 [m
[0;32m $ Pass set: 6, latency:  288 [m
[0;32m $ Pass set: 7, latency:  214 [m
[0;33m ###### Pass pattern: 14 ###### [m
[0;34m =========== Pattern: 15 =========== [m
[0;32m $ Pass set: 0, latency:    8 [m
[0;32m $ Pass set: 1, latency:    9 [m
[0;32m $ Pass set: 2, latency:   22 [m
[0;32m $ Pass set: 3, latency:   51 [m
[0;32m $ Pass set: 4, latency:   22 [m
[0;32m $ Pass set: 5, latency:   24 [m
[0;32m $ Pass set: 6, latency:   23 [m
[0;32m $ Pass set: 7, latency:    9 [m
[0;33m ###### Pass pattern: 15 ###### [m
[0;34m =========== Pattern: 16 =========== [m
[0;32m $ Pass set: 0, latency:  163 [m
[0;32m $ Pass set: 1, latency:   48 [m
[0;32m $ Pass set: 2, latency:   83 [m
[0;32m $ Pass set: 3, latency:    8 [m
[0;32m $ Pass set: 4, latency:   48 [m
[0;32m $ Pass set: 5, latency:  128 [m
[0;32m $ Pass set: 6, latency:   88 [m
[0;32m $ Pass set: 7, latency:   97 [m
[0;33m ###### Pass pattern: 16 ###### [m
[0;34m =========== Pattern: 17 =========== [m
[0;32m $ Pass set: 0, latency:   88 [m
[0;32m $ Pass set: 1, latency:   43 [m
[0;32m $ Pass set: 2, latency:   88 [m
[0;32m $ Pass set: 3, latency:   48 [m
[0;32m $ Pass set: 4, latency:    8 [m
[0;32m $ Pass set: 5, latency:   44 [m
[0;32m $ Pass set: 6, latency:  128 [m
[0;32m $ Pass set: 7, latency:   57 [m
[0;33m ###### Pass pattern: 17 ###### [m
[0;34m =========== Pattern: 18 =========== [m
[0;32m $ Pass set: 0, latency:    9 [m
[0;32m $ Pass set: 1, latency:   23 [m
[0;32m $ Pass set: 2, latency:    9 [m
[0;32m $ Pass set: 3, latency:    8 [m
[0;32m $ Pass set: 4, latency:    9 [m
[0;32m $ Pass set: 5, latency:    8 [m
[0;32m $ Pass set: 6, latency:   22 [m
[0;32m $ Pass set: 7, latency:   23 [m
[0;33m ###### Pass pattern: 18 ###### [m
[0;34m =========== Pattern: 19 =========== [m
[0;32m $ Pass set: 0, latency:   36 [m
[0;32m $ Pass set: 1, latency:    8 [m
[0;32m $ Pass set: 2, latency:   25 [m
[0;32m $ Pass set: 3, latency:   51 [m
[0;32m $ Pass set: 4, latency:   22 [m
[0;32m $ Pass set: 5, latency:    8 [m
[0;32m $ Pass set: 6, latency:   24 [m
[0;32m $ Pass set: 7, latency:   38 [m
[0;33m ###### Pass pattern: 19 ###### [m
[0;34m =========== Pattern: 20 =========== [m
[0;32m $ Pass set: 0, latency:   57 [m
[0;32m $ Pass set: 1, latency:   88 [m
[0;32m $ Pass set: 2, latency:    8 [m
[0;32m $ Pass set: 3, latency:    8 [m
[0;32m $ Pass set: 4, latency:   44 [m
[0;32m $ Pass set: 5, latency:    8 [m
[0;32m $ Pass set: 6, latency:   43 [m
[0;32m $ Pass set: 7, latency:   48 [m
[0;33m ###### Pass pattern: 20 ###### [m
[0;34m =========== Pattern: 21 =========== [m
[0;32m $ Pass set: 0, latency:  288 [m
[0;32m $ Pass set: 1, latency:  288 [m
[0;32m $ Pass set: 2, latency:  279 [m
[0;32m $ Pass set: 3, latency:  139 [m
[0;32m $ Pass set: 4, latency:    8 [m
[0;32m $ Pass set: 5, latency:  319 [m
[0;32m $ Pass set: 6, latency:    8 [m
[0;32m $ Pass set: 7, latency:  148 [m
[0;33m ###### Pass pattern: 21 ###### [m
[0;34m =========== Pattern: 22 =========== [m
[0;32m $ Pass set: 0, latency:  148 [m
[0;32m $ Pass set: 1, latency:    8 [m
[0;32m $ Pass set: 2, latency:  279 [m
[0;32m $ Pass set: 3, latency:  428 [m
[0;32m $ Pass set: 4, latency:  174 [m
[0;32m $ Pass set: 5, latency:  148 [m
[0;32m $ Pass set: 6, latency:  319 [m
[0;32m $ Pass set: 7, latency:  139 [m
[0;33m ###### Pass pattern: 22 ###### [m
[0;34m =========== Pattern: 23 =========== [m
[0;32m $ Pass set: 0, latency:   48 [m
[0;32m $ Pass set: 1, latency:   88 [m
[0;32m $ Pass set: 2, latency:   44 [m
[0;32m $ Pass set: 3, latency:    8 [m
[0;32m $ Pass set: 4, latency:   44 [m
[0;32m $ Pass set: 5, latency:   48 [m
[0;32m $ Pass set: 6, latency:   58 [m
[0;32m $ Pass set: 7, latency:   45 [m
[0;33m ###### Pass pattern: 23 ###### [m
[0;34m =========== Pattern: 24 =========== [m
[0;32m $ Pass set: 0, latency:  174 [m
[0;32m $ Pass set: 1, latency:  288 [m
[0;32m $ Pass set: 2, latency:  179 [m
[0;32m $ Pass set: 3, latency:  139 [m
[0;32m $ Pass set: 4, latency:  148 [m
[0;32m $ Pass set: 5, latency:    8 [m
[0;32m $ Pass set: 6, latency:  174 [m
[0;32m $ Pass set: 7, latency:  419 [m
[0;33m ###### Pass pattern: 24 ###### [m
[0;34m =========== Pattern: 25 =========== [m
[0;32m $ Pass set: 0, latency:  139 [m
[0;32m $ Pass set: 1, latency:  139 [m
[0;32m $ Pass set: 2, latency:  419 [m
[0;32m $ Pass set: 3, latency:    8 [m
[0;32m $ Pass set: 4, latency:  214 [m
[0;32m $ Pass set: 5, latency:  139 [m
[0;32m $ Pass set: 6, latency:  148 [m
[0;32m $ Pass set: 7, latency:  174 [m
[0;33m ###### Pass pattern: 25 ###### [m
[0;34m =========== Pattern: 26 =========== [m
[0;32m $ Pass set: 0, latency:   73 [m
[0;32m $ Pass set: 1, latency:   43 [m
[0;32m $ Pass set: 2, latency:    8 [m
[0;32m $ Pass set: 3, latency:   88 [m
[0;32m $ Pass set: 4, latency:   48 [m
[0;32m $ Pass set: 5, latency:    8 [m
[0;32m $ Pass set: 6, latency:    8 [m
[0;32m $ Pass set: 7, latency:    8 [m
[0;33m ###### Pass pattern: 26 ###### [m
[0;34m =========== Pattern: 27 =========== [m
[0;32m $ Pass set: 0, latency:  454 [m
[0;32m $ Pass set: 1, latency:    8 [m
[0;32m $ Pass set: 2, latency:  219 [m
[0;32m $ Pass set: 3, latency:  279 [m
[0;32m $ Pass set: 4, latency:  139 [m
[0;32m $ Pass set: 5, latency:  188 [m
[0;32m $ Pass set: 6, latency:  279 [m
[0;32m $ Pass set: 7, latency:    8 [m
[0;33m ###### Pass pattern: 27 ###### [m
[0;34m =========== Pattern: 28 =========== [m
[0;32m $ Pass set: 0, latency:   38 [m
[0;32m $ Pass set: 1, latency:   10 [m
[0;32m $ Pass set: 2, latency:   50 [m
[0;32m $ Pass set: 3, latency:   37 [m
[0;32m $ Pass set: 4, latency:   38 [m
[0;32m $ Pass set: 5, latency:    9 [m
[0;32m $ Pass set: 6, latency:   50 [m
[0;32m $ Pass set: 7, latency:   37 [m
[0;33m ###### Pass pattern: 28 ###### [m
[0;34m =========== Pattern: 29 =========== [m
[0;32m $ Pass set: 0, latency:  148 [m
[0;32m $ Pass set: 1, latency:    8 [m
[0;32m $ Pass set: 2, latency:    8 [m
[0;32m $ Pass set: 3, latency:    8 [m
[0;32m $ Pass set: 4, latency:  148 [m
[0;32m $ Pass set: 5, latency:    8 [m
[0;32m $ Pass set: 6, latency:  428 [m
[0;32m $ Pass set: 7, latency:  148 [m
[0;33m ###### Pass pattern: 29 ###### [m
[0;34m =========== Pattern: 30 =========== [m
[0;32m $ Pass set: 0, latency:   23 [m
[0;32m $ Pass set: 1, latency:   51 [m
[0;32m $ Pass set: 2, latency:   22 [m
[0;32m $ Pass set: 3, latency:   22 [m
[0;32m $ Pass set: 4, latency:    9 [m
[0;32m $ Pass set: 5, latency:   50 [m
[0;32m $ Pass set: 6, latency:   11 [m
[0;32m $ Pass set: 7, latency:    8 [m
[0;33m ###### Pass pattern: 30 ###### [m
[0;34m =========== Pattern: 31 =========== [m
[0;32m $ Pass set: 0, latency:    8 [m
[0;32m $ Pass set: 1, latency:    8 [m
[0;32m $ Pass set: 2, latency:    8 [m
[0;32m $ Pass set: 3, latency:  279 [m
[0;32m $ Pass set: 4, latency:  288 [m
[0;32m $ Pass set: 5, latency:  148 [m
[0;32m $ Pass set: 6, latency:  139 [m
[0;32m $ Pass set: 7, latency:  279 [m
[0;33m ###### Pass pattern: 31 ###### [m
[0;34m =========== Pattern: 32 =========== [m
[0;32m $ Pass set: 0, latency:   23 [m
[0;32m $ Pass set: 1, latency:    8 [m
[0;32m $ Pass set: 2, latency:   36 [m
[0;32m $ Pass set: 3, latency:    8 [m
[0;32m $ Pass set: 4, latency:   22 [m
[0;32m $ Pass set: 5, latency:   22 [m
[0;32m $ Pass set: 6, latency:   12 [m
[0;32m $ Pass set: 7, latency:   36 [m
[0;33m ###### Pass pattern: 32 ###### [m
[0;34m =========== Pattern: 33 =========== [m
[0;32m $ Pass set: 0, latency:  314 [m
[0;32m $ Pass set: 1, latency:  148 [m
[0;32m $ Pass set: 2, latency:  139 [m
[0;32m $ Pass set: 3, latency:  179 [m
[0;32m $ Pass set: 4, latency:  139 [m
[0;32m $ Pass set: 5, latency:    8 [m
[0;32m $ Pass set: 6, latency:    8 [m
[0;32m $ Pass set: 7, latency:  148 [m
[0;33m ###### Pass pattern: 33 ###### [m
[0;34m =========== Pattern: 34 =========== [m
[0;32m $ Pass set: 0, latency:    8 [m
[0;32m $ Pass set: 1, latency:    8 [m
[0;32m $ Pass set: 2, latency:    8 [m
[0;32m $ Pass set: 3, latency:   44 [m
[0;32m $ Pass set: 4, latency:    8 [m
[0;32m $ Pass set: 5, latency:    8 [m
[0;32m $ Pass set: 6, latency:   43 [m
[0;32m $ Pass set: 7, latency:   48 [m
[0;33m ###### Pass pattern: 34 ###### [m
[0;34m =========== Pattern: 35 =========== [m
[0;32m $ Pass set: 0, latency:   22 [m
[0;32m $ Pass set: 1, latency:   22 [m
[0;32m $ Pass set: 2, latency:   64 [m
[0;32m $ Pass set: 3, latency:   36 [m
[0;32m $ Pass set: 4, latency:   51 [m
[0;32m $ Pass set: 5, latency:   51 [m
[0;32m $ Pass set: 6, latency:    9 [m
[0;32m $ Pass set: 7, latency:    8 [m
[0;33m ###### Pass pattern: 35 ###### [m
[0;34m =========== Pattern: 36 =========== [m
[0;32m $ Pass set: 0, latency:    8 [m
[0;32m $ Pass set: 1, latency:   72 [m
[0;32m $ Pass set: 2, latency:  128 [m
[0;32m $ Pass set: 3, latency:   72 [m
[0;32m $ Pass set: 4, latency:   44 [m
[0;32m $ Pass set: 5, latency:   48 [m
[0;32m $ Pass set: 6, latency:   88 [m
[0;32m $ Pass set: 7, latency:  124 [m
[0;33m ###### Pass pattern: 36 ###### [m
[0;34m =========== Pattern: 37 =========== [m
[0;32m $ Pass set: 0, latency:  314 [m
[0;32m $ Pass set: 1, latency:    8 [m
[0;32m $ Pass set: 2, latency:    8 [m
[0;32m $ Pass set: 3, latency:  328 [m
[0;32m $ Pass set: 4, latency:  139 [m
[0;32m $ Pass set: 5, latency:    8 [m
[0;32m $ Pass set: 6, latency:  419 [m
[0;32m $ Pass set: 7, latency:  428 [m
[0;33m ###### Pass pattern: 37 ###### [m
[0;34m =========== Pattern: 38 =========== [m
[0;32m $ Pass set: 0, latency:   23 [m
[0;32m $ Pass set: 1, latency:    8 [m
[0;32m $ Pass set: 2, latency:   22 [m
[0;32m $ Pass set: 3, latency:    8 [m
[0;32m $ Pass set: 4, latency:   11 [m
[0;32m $ Pass set: 5, latency:   22 [m
[0;32m $ Pass set: 6, latency:   23 [m
[0;32m $ Pass set: 7, latency:    8 [m
[0;33m ###### Pass pattern: 38 ###### [m
[0;34m =========== Pattern: 39 =========== [m
[0;32m $ Pass set: 0, latency:  214 [m
[0;32m $ Pass set: 1, latency:  189 [m
[0;32m $ Pass set: 2, latency:  288 [m
[0;32m $ Pass set: 3, latency:  459 [m
[0;32m $ Pass set: 4, latency:  315 [m
[0;32m $ Pass set: 5, latency:  214 [m
[0;32m $ Pass set: 6, latency:  288 [m
[0;32m $ Pass set: 7, latency:  314 [m
[0;33m ###### Pass pattern: 39 ###### [m
[0;34m =========== Pattern: 40 =========== [m
[0;32m $ Pass set: 0, latency:  708 [m
[0;32m $ Pass set: 1, latency:    8 [m
[0;32m $ Pass set: 2, latency:  179 [m
[0;32m $ Pass set: 3, latency:  148 [m
[0;32m $ Pass set: 4, latency:  148 [m
[0;32m $ Pass set: 5, latency:    8 [m
[0;32m $ Pass set: 6, latency:  288 [m
[0;32m $ Pass set: 7, latency:    8 [m
[0;33m ###### Pass pattern: 40 ###### [m
[0;34m =========== Pattern: 41 =========== [m
[0;32m $ Pass set: 0, latency:  288 [m
[0;32m $ Pass set: 1, latency:    8 [m
[0;32m $ Pass set: 2, latency:  148 [m
[0;32m $ Pass set: 3, latency:  279 [m
[0;32m $ Pass set: 4, latency:  139 [m
[0;32m $ Pass set: 5, latency:    8 [m
[0;32m $ Pass set: 6, latency:  288 [m
[0;32m $ Pass set: 7, latency:  148 [m
[0;33m ###### Pass pattern: 41 ###### [m
[0;34m =========== Pattern: 42 =========== [m
[0;32m $ Pass set: 0, latency:    8 [m
[0;32m $ Pass set: 1, latency:   98 [m
[0;32m $ Pass set: 2, latency:   43 [m
[0;32m $ Pass set: 3, latency:   43 [m
[0;32m $ Pass set: 4, latency:   98 [m
[0;32m $ Pass set: 5, latency:   43 [m
[0;32m $ Pass set: 6, latency:    8 [m
[0;32m $ Pass set: 7, latency:   43 [m
[0;33m ###### Pass pattern: 42 ###### [m
[0;34m =========== Pattern: 43 =========== [m
[0;32m $ Pass set: 0, latency:   23 [m
[0;32m $ Pass set: 1, latency:   22 [m
[0;32m $ Pass set: 2, latency:    8 [m
[0;32m $ Pass set: 3, latency:    8 [m
[0;32m $ Pass set: 4, latency:    8 [m
[0;32m $ Pass set: 5, latency:   22 [m
[0;32m $ Pass set: 6, latency:    8 [m
[0;32m $ Pass set: 7, latency:    8 [m
[0;33m ###### Pass pattern: 43 ###### [m
[0;34m =========== Pattern: 44 =========== [m
[0;32m $ Pass set: 0, latency:   10 [m
[0;32m $ Pass set: 1, latency:   50 [m
[0;32m $ Pass set: 2, latency:    9 [m
[0;32m $ Pass set: 3, latency:   11 [m
[0;32m $ Pass set: 4, latency:    8 [m
[0;32m $ Pass set: 5, latency:   23 [m
[0;32m $ Pass set: 6, latency:   24 [m
[0;32m $ Pass set: 7, latency:   10 [m
[0;33m ###### Pass pattern: 44 ###### [m
[0;34m =========== Pattern: 45 =========== [m
[0;32m $ Pass set: 0, latency:    8 [m
[0;32m $ Pass set: 1, latency:   22 [m
[0;32m $ Pass set: 2, latency:   22 [m
[0;32m $ Pass set: 3, latency:    8 [m
[0;32m $ Pass set: 4, latency:   23 [m
[0;32m $ Pass set: 5, latency:    8 [m
[0;32m $ Pass set: 6, latency:   36 [m
[0;32m $ Pass set: 7, latency:    8 [m
[0;33m ###### Pass pattern: 45 ###### [m
[0;34m =========== Pattern: 46 =========== [m
[0;32m $ Pass set: 0, latency:   23 [m
[0;32m $ Pass set: 1, latency:    9 [m
[0;32m $ Pass set: 2, latency:   36 [m
[0;32m $ Pass set: 3, latency:   36 [m
[0;32m $ Pass set: 4, latency:   22 [m
[0;32m $ Pass set: 5, latency:    8 [m
[0;32m $ Pass set: 6, latency:   50 [m
[0;32m $ Pass set: 7, latency:   50 [m
[0;33m ###### Pass pattern: 46 ###### [m
[0;34m =========== Pattern: 47 =========== [m
[0;32m $ Pass set: 0, latency:    8 [m
[0;32m $ Pass set: 1, latency:    8 [m
[0;32m $ Pass set: 2, latency:   36 [m
[0;32m $ Pass set: 3, latency:    9 [m
[0;32m $ Pass set: 4, latency:   22 [m
[0;32m $ Pass set: 5, latency:   23 [m
[0;32m $ Pass set: 6, latency:   37 [m
[0;32m $ Pass set: 7, latency:   24 [m
[0;33m ###### Pass pattern: 47 ###### [m
[0;34m =========== Pattern: 48 =========== [m
[0;32m $ Pass set: 0, latency:   38 [m
[0;32m $ Pass set: 1, latency:   23 [m
[0;32m $ Pass set: 2, latency:    8 [m
[0;32m $ Pass set: 3, latency:    9 [m
[0;32m $ Pass set: 4, latency:   52 [m
[0;32m $ Pass set: 5, latency:    9 [m
[0;32m $ Pass set: 6, latency:   38 [m
[0;32m $ Pass set: 7, latency:    8 [m
[0;33m ###### Pass pattern: 48 ###### [m
[0;34m =========== Pattern: 49 =========== [m
[0;32m $ Pass set: 0, latency:   57 [m
[0;32m $ Pass set: 1, latency:   88 [m
[0;32m $ Pass set: 2, latency:   57 [m
[0;32m $ Pass set: 3, latency:    8 [m
[0;32m $ Pass set: 4, latency:   48 [m
[0;32m $ Pass set: 5, latency:  128 [m
[0;32m $ Pass set: 6, latency:   97 [m
[0;32m $ Pass set: 7, latency:    8 [m
[0;33m ###### Pass pattern: 49 ###### [m
[0;34m =========== Pattern: 50 =========== [m
[0;32m $ Pass set: 0, latency:   98 [m
[0;32m $ Pass set: 1, latency:   83 [m
[0;32m $ Pass set: 2, latency:    8 [m
[0;32m $ Pass set: 3, latency:  168 [m
[0;32m $ Pass set: 4, latency:   85 [m
[0;32m $ Pass set: 5, latency:    8 [m
[0;32m $ Pass set: 6, latency:    8 [m
[0;32m $ Pass set: 7, latency:   73 [m
[0;33m ###### Pass pattern: 50 ###### [m
[0;34m =========== Pattern: 51 =========== [m
[0;32m $ Pass set: 0, latency:   84 [m
[0;32m $ Pass set: 1, latency:   71 [m
[0;32m $ Pass set: 2, latency:   48 [m
[0;32m $ Pass set: 3, latency:   43 [m
[0;32m $ Pass set: 4, latency:   43 [m
[0;32m $ Pass set: 5, latency:   57 [m
[0;32m $ Pass set: 6, latency:   58 [m
[0;32m $ Pass set: 7, latency:  128 [m
[0;33m ###### Pass pattern: 51 ###### [m
[0;34m =========== Pattern: 52 =========== [m
[0;32m $ Pass set: 0, latency:  179 [m
[0;32m $ Pass set: 1, latency:  319 [m
[0;32m $ Pass set: 2, latency:  179 [m
[0;32m $ Pass set: 3, latency:  148 [m
[0;32m $ Pass set: 4, latency:  139 [m
[0;32m $ Pass set: 5, latency:    8 [m
[0;32m $ Pass set: 6, latency:  148 [m
[0;32m $ Pass set: 7, latency:  288 [m
[0;33m ###### Pass pattern: 52 ###### [m
[0;34m =========== Pattern: 53 =========== [m
[0;32m $ Pass set: 0, latency:   37 [m
[0;32m $ Pass set: 1, latency:   36 [m
[0;32m $ Pass set: 2, latency:   22 [m
[0;32m $ Pass set: 3, latency:   11 [m
[0;32m $ Pass set: 4, latency:    8 [m
[0;32m $ Pass set: 5, latency:    8 [m
[0;32m $ Pass set: 6, latency:    8 [m
[0;32m $ Pass set: 7, latency:   22 [m
[0;33m ###### Pass pattern: 53 ###### [m
[0;34m =========== Pattern: 54 =========== [m
[0;32m $ Pass set: 0, latency:  139 [m
[0;32m $ Pass set: 1, latency:  279 [m
[0;32m $ Pass set: 2, latency:  454 [m
[0;32m $ Pass set: 3, latency:  148 [m
[0;32m $ Pass set: 4, latency:  179 [m
[0;32m $ Pass set: 5, latency:  139 [m
[0;32m $ Pass set: 6, latency:    8 [m
[0;32m $ Pass set: 7, latency:  354 [m
[0;33m ###### Pass pattern: 54 ###### [m
[0;34m =========== Pattern: 55 =========== [m
[0;32m $ Pass set: 0, latency:   22 [m
[0;32m $ Pass set: 1, latency:   23 [m
[0;32m $ Pass set: 2, latency:   22 [m
[0;32m $ Pass set: 3, latency:   38 [m
[0;32m $ Pass set: 4, latency:    8 [m
[0;32m $ Pass set: 5, latency:   24 [m
[0;32m $ Pass set: 6, latency:   10 [m
[0;32m $ Pass set: 7, latency:   22 [m
[0;33m ###### Pass pattern: 55 ###### [m
[0;34m =========== Pattern: 56 =========== [m
[0;32m $ Pass set: 0, latency:   83 [m
[0;32m $ Pass set: 1, latency:    8 [m
[0;32m $ Pass set: 2, latency:   47 [m
[0;32m $ Pass set: 3, latency:   43 [m
[0;32m $ Pass set: 4, latency:   58 [m
[0;32m $ Pass set: 5, latency:   58 [m
[0;32m $ Pass set: 6, latency:    8 [m
[0;32m $ Pass set: 7, latency:    8 [m
[0;33m ###### Pass pattern: 56 ###### [m
[0;34m =========== Pattern: 57 =========== [m
[0;32m $ Pass set: 0, latency:  428 [m
[0;32m $ Pass set: 1, latency:  148 [m
[0;32m $ Pass set: 2, latency:  179 [m
[0;32m $ Pass set: 3, latency:    8 [m
[0;32m $ Pass set: 4, latency:  189 [m
[0;32m $ Pass set: 5, latency:  288 [m
[0;32m $ Pass set: 6, latency:    8 [m
[0;32m $ Pass set: 7, latency:  279 [m
[0;33m ###### Pass pattern: 57 ###### [m
[0;34m =========== Pattern: 58 =========== [m
[0;32m $ Pass set: 0, latency:  288 [m
[0;32m $ Pass set: 1, latency:    8 [m
[0;32m $ Pass set: 2, latency:    8 [m
[0;32m $ Pass set: 3, latency:    8 [m
[0;32m $ Pass set: 4, latency:  174 [m
[0;32m $ Pass set: 5, latency:  148 [m
[0;32m $ Pass set: 6, latency:    8 [m
[0;32m $ Pass set: 7, latency:    8 [m
[0;33m ###### Pass pattern: 58 ###### [m
[0;34m =========== Pattern: 59 =========== [m
[0;32m $ Pass set: 0, latency:    8 [m
[0;32m $ Pass set: 1, latency:   36 [m
[0;32m $ Pass set: 2, latency:    8 [m
[0;32m $ Pass set: 3, latency:    8 [m
[0;32m $ Pass set: 4, latency:    8 [m
[0;32m $ Pass set: 5, latency:    8 [m
[0;32m $ Pass set: 6, latency:    9 [m
[0;32m $ Pass set: 7, latency:   24 [m
[0;33m ###### Pass pattern: 59 ###### [m
[0;34m =========== Pattern: 60 =========== [m
[0;32m $ Pass set: 0, latency:    8 [m
[0;32m $ Pass set: 1, latency:   98 [m
[0;32m $ Pass set: 2, latency:   57 [m
[0;32m $ Pass set: 3, latency:   48 [m
[0;32m $ Pass set: 4, latency:   88 [m
[0;32m $ Pass set: 5, latency:   48 [m
[0;32m $ Pass set: 6, latency:   43 [m
[0;32m $ Pass set: 7, latency:   72 [m
[0;33m ###### Pass pattern: 60 ###### [m
[0;34m =========== Pattern: 61 =========== [m
[0;32m $ Pass set: 0, latency:  148 [m
[0;32m $ Pass set: 1, latency:    8 [m
[0;32m $ Pass set: 2, latency:  174 [m
[0;32m $ Pass set: 3, latency:    8 [m
[0;32m $ Pass set: 4, latency:  188 [m
[0;32m $ Pass set: 5, latency:  148 [m
[0;32m $ Pass set: 6, latency:    8 [m
[0;32m $ Pass set: 7, latency:  188 [m
[0;33m ###### Pass pattern: 61 ###### [m
[0;34m =========== Pattern: 62 =========== [m
[0;32m $ Pass set: 0, latency:   58 [m
[0;32m $ Pass set: 1, latency:   43 [m
[0;32m $ Pass set: 2, latency:   83 [m
[0;32m $ Pass set: 3, latency:   58 [m
[0;32m $ Pass set: 4, latency:   48 [m
[0;32m $ Pass set: 5, latency:   88 [m
[0;32m $ Pass set: 6, latency:   43 [m
[0;32m $ Pass set: 7, latency:   57 [m
[0;33m ###### Pass pattern: 62 ###### [m
[0;34m =========== Pattern: 63 =========== [m
[0;32m $ Pass set: 0, latency:  454 [m
[0;32m $ Pass set: 1, latency:  148 [m
[0;32m $ Pass set: 2, latency:  148 [m
[0;32m $ Pass set: 3, latency:  148 [m
[0;32m $ Pass set: 4, latency:  214 [m
[0;32m $ Pass set: 5, latency:  148 [m
[0;32m $ Pass set: 6, latency:  175 [m
[0;32m $ Pass set: 7, latency:  148 [m
[0;33m ###### Pass pattern: 63 ###### [m
[0;34m =========== Pattern: 64 =========== [m
[0;32m $ Pass set: 0, latency:    8 [m
[0;32m $ Pass set: 1, latency:   36 [m
[0;32m $ Pass set: 2, latency:   22 [m
[0;32m $ Pass set: 3, latency:   23 [m
[0;32m $ Pass set: 4, latency:   22 [m
[0;32m $ Pass set: 5, latency:   22 [m
[0;32m $ Pass set: 6, latency:    8 [m
[0;32m $ Pass set: 7, latency:    8 [m
[0;33m ###### Pass pattern: 64 ###### [m
[0;34m =========== Pattern: 65 =========== [m
[0;32m $ Pass set: 0, latency:   44 [m
[0;32m $ Pass set: 1, latency:   43 [m
[0;32m $ Pass set: 2, latency:   43 [m
[0;32m $ Pass set: 3, latency:    8 [m
[0;32m $ Pass set: 4, latency:   44 [m
[0;32m $ Pass set: 5, latency:   84 [m
[0;32m $ Pass set: 6, latency:    8 [m
[0;32m $ Pass set: 7, latency:   57 [m
[0;33m ###### Pass pattern: 65 ###### [m
[0;34m =========== Pattern: 66 =========== [m
[0;32m $ Pass set: 0, latency:  148 [m
[0;32m $ Pass set: 1, latency:    8 [m
[0;32m $ Pass set: 2, latency:  148 [m
[0;32m $ Pass set: 3, latency:  139 [m
[0;32m $ Pass set: 4, latency:  174 [m
[0;32m $ Pass set: 5, latency:  175 [m
[0;32m $ Pass set: 6, latency:  359 [m
[0;32m $ Pass set: 7, latency:  279 [m
[0;33m ###### Pass pattern: 66 ###### [m
[0;34m =========== Pattern: 67 =========== [m
[0;32m $ Pass set: 0, latency:    8 [m
[0;32m $ Pass set: 1, latency:   59 [m
[0;32m $ Pass set: 2, latency:   58 [m
[0;32m $ Pass set: 3, latency:   45 [m
[0;32m $ Pass set: 4, latency:   57 [m
[0;32m $ Pass set: 5, latency:    8 [m
[0;32m $ Pass set: 6, latency:   48 [m
[0;32m $ Pass set: 7, latency:   88 [m
[0;33m ###### Pass pattern: 67 ###### [m
[0;34m =========== Pattern: 68 =========== [m
[0;32m $ Pass set: 0, latency:    8 [m
[0;32m $ Pass set: 1, latency:  148 [m
[0;32m $ Pass set: 2, latency:  139 [m
[0;32m $ Pass set: 3, latency:    8 [m
[0;32m $ Pass set: 4, latency:  259 [m
[0;32m $ Pass set: 5, latency:  314 [m
[0;32m $ Pass set: 6, latency:    8 [m
[0;32m $ Pass set: 7, latency:  179 [m
[0;33m ###### Pass pattern: 68 ###### [m
[0;34m =========== Pattern: 69 =========== [m
[0;32m $ Pass set: 0, latency:   36 [m
[0;32m $ Pass set: 1, latency:   22 [m
[0;32m $ Pass set: 2, latency:   23 [m
[0;32m $ Pass set: 3, latency:   11 [m
[0;32m $ Pass set: 4, latency:    8 [m
[0;32m $ Pass set: 5, latency:   10 [m
[0;32m $ Pass set: 6, latency:   24 [m
[0;32m $ Pass set: 7, latency:    8 [m
[0;33m ###### Pass pattern: 69 ###### [m
[0;34m =========== Pattern: 70 =========== [m
[0;32m $ Pass set: 0, latency:   37 [m
[0;32m $ Pass set: 1, latency:    9 [m
[0;32m $ Pass set: 2, latency:    8 [m
[0;32m $ Pass set: 3, latency:   25 [m
[0;32m $ Pass set: 4, latency:    8 [m
[0;32m $ Pass set: 5, latency:    8 [m
[0;32m $ Pass set: 6, latency:    8 [m
[0;32m $ Pass set: 7, latency:    8 [m
[0;33m ###### Pass pattern: 70 ###### [m
[0;34m =========== Pattern: 71 =========== [m
[0;32m $ Pass set: 0, latency:    8 [m
[0;32m $ Pass set: 1, latency:   88 [m
[0;32m $ Pass set: 2, latency:   57 [m
[0;32m $ Pass set: 3, latency:   43 [m
[0;32m $ Pass set: 4, latency:   44 [m
[0;32m $ Pass set: 5, latency:    8 [m
[0;32m $ Pass set: 6, latency:   43 [m
[0;32m $ Pass set: 7, latency:    8 [m
[0;33m ###### Pass pattern: 71 ###### [m
[0;34m =========== Pattern: 72 =========== [m
[0;32m $ Pass set: 0, latency:   44 [m
[0;32m $ Pass set: 1, latency:   44 [m
[0;32m $ Pass set: 2, latency:    8 [m
[0;32m $ Pass set: 3, latency:   48 [m
[0;32m $ Pass set: 4, latency:   83 [m
[0;32m $ Pass set: 5, latency:    8 [m
[0;32m $ Pass set: 6, latency:   83 [m
[0;32m $ Pass set: 7, latency:   84 [m
[0;33m ###### Pass pattern: 72 ###### [m
[0;34m =========== Pattern: 73 =========== [m
[0;32m $ Pass set: 0, latency:    9 [m
[0;32m $ Pass set: 1, latency:    8 [m
[0;32m $ Pass set: 2, latency:    8 [m
[0;32m $ Pass set: 3, latency:    8 [m
[0;32m $ Pass set: 4, latency:   23 [m
[0;32m $ Pass set: 5, latency:   39 [m
[0;32m $ Pass set: 6, latency:   23 [m
[0;32m $ Pass set: 7, latency:   37 [m
[0;33m ###### Pass pattern: 73 ###### [m
[0;34m =========== Pattern: 74 =========== [m
[0;32m $ Pass set: 0, latency:  314 [m
[0;32m $ Pass set: 1, latency:  355 [m
[0;32m $ Pass set: 2, latency:  179 [m
[0;32m $ Pass set: 3, latency:  499 [m
[0;32m $ Pass set: 4, latency:  219 [m
[0;32m $ Pass set: 5, latency:    8 [m
[0;32m $ Pass set: 6, latency:    8 [m
[0;32m $ Pass set: 7, latency:  319 [m
[0;33m ###### Pass pattern: 74 ###### [m
[0;34m =========== Pattern: 75 =========== [m
[0;32m $ Pass set: 0, latency:   83 [m
[0;32m $ Pass set: 1, latency:    8 [m
[0;32m $ Pass set: 2, latency:    8 [m
[0;32m $ Pass set: 3, latency:   73 [m
[0;32m $ Pass set: 4, latency:   44 [m
[0;32m $ Pass set: 5, latency:   48 [m
[0;32m $ Pass set: 6, latency:   47 [m
[0;32m $ Pass set: 7, latency:   48 [m
[0;33m ###### Pass pattern: 75 ###### [m
[0;34m =========== Pattern: 76 =========== [m
[0;32m $ Pass set: 0, latency:    8 [m
[0;32m $ Pass set: 1, latency:   36 [m
[0;32m $ Pass set: 2, latency:   37 [m
[0;32m $ Pass set: 3, latency:   37 [m
[0;32m $ Pass set: 4, latency:   37 [m
[0;32m $ Pass set: 5, latency:    8 [m
[0;32m $ Pass set: 6, latency:   23 [m
[0;32m $ Pass set: 7, latency:    8 [m
[0;33m ###### Pass pattern: 76 ###### [m
[0;34m =========== Pattern: 77 =========== [m
[0;32m $ Pass set: 0, latency:  179 [m
[0;32m $ Pass set: 1, latency:  148 [m
[0;32m $ Pass set: 2, latency:  279 [m
[0;32m $ Pass set: 3, latency:  279 [m
[0;32m $ Pass set: 4, latency:  319 [m
[0;32m $ Pass set: 5, latency:    8 [m
[0;32m $ Pass set: 6, latency:    8 [m
[0;32m $ Pass set: 7, latency:  148 [m
[0;33m ###### Pass pattern: 77 ###### [m
[0;34m =========== Pattern: 78 =========== [m
[0;32m $ Pass set: 0, latency:    8 [m
[0;32m $ Pass set: 1, latency:  139 [m
[0;32m $ Pass set: 2, latency:  288 [m
[0;32m $ Pass set: 3, latency:  139 [m
[0;32m $ Pass set: 4, latency:    8 [m
[0;32m $ Pass set: 5, latency:  174 [m
[0;32m $ Pass set: 6, latency:  139 [m
[0;32m $ Pass set: 7, latency:  279 [m
[0;33m ###### Pass pattern: 78 ###### [m
[0;34m =========== Pattern: 79 =========== [m
[0;32m $ Pass set: 0, latency:   57 [m
[0;32m $ Pass set: 1, latency:    8 [m
[0;32m $ Pass set: 2, latency:   88 [m
[0;32m $ Pass set: 3, latency:   88 [m
[0;32m $ Pass set: 4, latency:   46 [m
[0;32m $ Pass set: 5, latency:   97 [m
[0;32m $ Pass set: 6, latency:  123 [m
[0;32m $ Pass set: 7, latency:  123 [m
[0;33m ###### Pass pattern: 79 ###### [m
[0;34m =========== Pattern: 80 =========== [m
[0;32m $ Pass set: 0, latency:   46 [m
[0;32m $ Pass set: 1, latency:   83 [m
[0;32m $ Pass set: 2, latency:   43 [m
[0;32m $ Pass set: 3, latency:   43 [m
[0;32m $ Pass set: 4, latency:   48 [m
[0;32m $ Pass set: 5, latency:   48 [m
[0;32m $ Pass set: 6, latency:   88 [m
[0;32m $ Pass set: 7, latency:    8 [m
[0;33m ###### Pass pattern: 80 ###### [m
[0;34m =========== Pattern: 81 =========== [m
[0;32m $ Pass set: 0, latency:    8 [m
[0;32m $ Pass set: 1, latency:   23 [m
[0;32m $ Pass set: 2, latency:   38 [m
[0;32m $ Pass set: 3, latency:   24 [m
[0;32m $ Pass set: 4, latency:   23 [m
[0;32m $ Pass set: 5, latency:   24 [m
[0;32m $ Pass set: 6, latency:   23 [m
[0;32m $ Pass set: 7, latency:    9 [m
[0;33m ###### Pass pattern: 81 ###### [m
[0;34m =========== Pattern: 82 =========== [m
[0;32m $ Pass set: 0, latency:  254 [m
[0;32m $ Pass set: 1, latency:  179 [m
[0;32m $ Pass set: 2, latency:    8 [m
[0;32m $ Pass set: 3, latency:    8 [m
[0;32m $ Pass set: 4, latency:  419 [m
[0;32m $ Pass set: 5, latency:    8 [m
[0;32m $ Pass set: 6, latency:  174 [m
[0;32m $ Pass set: 7, latency:  139 [m
[0;33m ###### Pass pattern: 82 ###### [m
[0;34m =========== Pattern: 83 =========== [m
[0;32m $ Pass set: 0, latency:    8 [m
[0;32m $ Pass set: 1, latency:   88 [m
[0;32m $ Pass set: 2, latency:   44 [m
[0;32m $ Pass set: 3, latency:   58 [m
[0;32m $ Pass set: 4, latency:    8 [m
[0;32m $ Pass set: 5, latency:    8 [m
[0;32m $ Pass set: 6, latency:    8 [m
[0;32m $ Pass set: 7, latency:   88 [m
[0;33m ###### Pass pattern: 83 ###### [m
[0;34m =========== Pattern: 84 =========== [m
[0;32m $ Pass set: 0, latency:    8 [m
[0;32m $ Pass set: 1, latency:  148 [m
[0;32m $ Pass set: 2, latency:    8 [m
[0;32m $ Pass set: 3, latency:  219 [m
[0;32m $ Pass set: 4, latency:  174 [m
[0;32m $ Pass set: 5, latency:  419 [m
[0;32m $ Pass set: 6, latency:  176 [m
[0;32m $ Pass set: 7, latency:  148 [m
[0;33m ###### Pass pattern: 84 ###### [m
[0;34m =========== Pattern: 85 =========== [m
[0;32m $ Pass set: 0, latency:  319 [m
[0;32m $ Pass set: 1, latency:    8 [m
[0;32m $ Pass set: 2, latency:  179 [m
[0;32m $ Pass set: 3, latency:  148 [m
[0;32m $ Pass set: 4, latency:    8 [m
[0;32m $ Pass set: 5, latency:    8 [m
[0;32m $ Pass set: 6, latency:  288 [m
[0;32m $ Pass set: 7, latency:    8 [m
[0;33m ###### Pass pattern: 85 ###### [m
[0;34m =========== Pattern: 86 =========== [m
[0;32m $ Pass set: 0, latency:    8 [m
[0;32m $ Pass set: 1, latency:    9 [m
[0;32m $ Pass set: 2, latency:   51 [m
[0;32m $ Pass set: 3, latency:   23 [m
[0;32m $ Pass set: 4, latency:   25 [m
[0;32m $ Pass set: 5, latency:   22 [m
[0;32m $ Pass set: 6, latency:   36 [m
[0;32m $ Pass set: 7, latency:    8 [m
[0;33m ###### Pass pattern: 86 ###### [m
[0;34m =========== Pattern: 87 =========== [m
[0;32m $ Pass set: 0, latency:   48 [m
[0;32m $ Pass set: 1, latency:   45 [m
[0;32m $ Pass set: 2, latency:   97 [m
[0;32m $ Pass set: 3, latency:   58 [m
[0;32m $ Pass set: 4, latency:    8 [m
[0;32m $ Pass set: 5, latency:   57 [m
[0;32m $ Pass set: 6, latency:    8 [m
[0;32m $ Pass set: 7, latency:   44 [m
[0;33m ###### Pass pattern: 87 ###### [m
[0;34m =========== Pattern: 88 =========== [m
[0;32m $ Pass set: 0, latency:  179 [m
[0;32m $ Pass set: 1, latency:    8 [m
[0;32m $ Pass set: 2, latency:  219 [m
[0;32m $ Pass set: 3, latency:  175 [m
[0;32m $ Pass set: 4, latency:    8 [m
[0;32m $ Pass set: 5, latency:  148 [m
[0;32m $ Pass set: 6, latency:  708 [m
[0;32m $ Pass set: 7, latency:  254 [m
[0;33m ###### Pass pattern: 88 ###### [m
[0;34m =========== Pattern: 89 =========== [m
[0;32m $ Pass set: 0, latency:    8 [m
[0;32m $ Pass set: 1, latency:    8 [m
[0;32m $ Pass set: 2, latency:   44 [m
[0;32m $ Pass set: 3, latency:    8 [m
[0;32m $ Pass set: 4, latency:   98 [m
[0;32m $ Pass set: 5, latency:   97 [m
[0;32m $ Pass set: 6, latency:   48 [m
[0;32m $ Pass set: 7, latency:    8 [m
[0;33m ###### Pass pattern: 89 ###### [m
[0;34m =========== Pattern: 90 =========== [m
[0;32m $ Pass set: 0, latency:    8 [m
[0;32m $ Pass set: 1, latency:   88 [m
[0;32m $ Pass set: 2, latency:    8 [m
[0;32m $ Pass set: 3, latency:   45 [m
[0;32m $ Pass set: 4, latency:   48 [m
[0;32m $ Pass set: 5, latency:   44 [m
[0;32m $ Pass set: 6, latency:    8 [m
[0;32m $ Pass set: 7, latency:   43 [m
[0;33m ###### Pass pattern: 90 ###### [m
[0;34m =========== Pattern: 91 =========== [m
[0;32m $ Pass set: 0, latency:  148 [m
[0;32m $ Pass set: 1, latency:  279 [m
[0;32m $ Pass set: 2, latency:    8 [m
[0;32m $ Pass set: 3, latency:  139 [m
[0;32m $ Pass set: 4, latency:  148 [m
[0;32m $ Pass set: 5, latency:  228 [m
[0;32m $ Pass set: 6, latency:  139 [m
[0;32m $ Pass set: 7, latency:  179 [m
[0;33m ###### Pass pattern: 91 ###### [m
[0;34m =========== Pattern: 92 =========== [m
[0;32m $ Pass set: 0, latency:   48 [m
[0;32m $ Pass set: 1, latency:  168 [m
[0;32m $ Pass set: 2, latency:   73 [m
[0;32m $ Pass set: 3, latency:    8 [m
[0;32m $ Pass set: 4, latency:   88 [m
[0;32m $ Pass set: 5, latency:   48 [m
[0;32m $ Pass set: 6, latency:   60 [m
[0;32m $ Pass set: 7, latency:    8 [m
[0;33m ###### Pass pattern: 92 ###### [m
[0;34m =========== Pattern: 93 =========== [m
[0;32m $ Pass set: 0, latency:   52 [m
[0;32m $ Pass set: 1, latency:    8 [m
[0;32m $ Pass set: 2, latency:    9 [m
[0;32m $ Pass set: 3, latency:    8 [m
[0;32m $ Pass set: 4, latency:   25 [m
[0;32m $ Pass set: 5, latency:    8 [m
[0;32m $ Pass set: 6, latency:    8 [m
[0;32m $ Pass set: 7, latency:    8 [m
[0;33m ###### Pass pattern: 93 ###### [m
[0;34m =========== Pattern: 94 =========== [m
[0;32m $ Pass set: 0, latency:  219 [m
[0;32m $ Pass set: 1, latency:  179 [m
[0;32m $ Pass set: 2, latency:  288 [m
[0;32m $ Pass set: 3, latency:    8 [m
[0;32m $ Pass set: 4, latency:    8 [m
[0;32m $ Pass set: 5, latency:  179 [m
[0;32m $ Pass set: 6, latency:  188 [m
[0;32m $ Pass set: 7, latency:    8 [m
[0;33m ###### Pass pattern: 94 ###### [m
[0;34m =========== Pattern: 95 =========== [m
[0;32m $ Pass set: 0, latency:   48 [m
[0;32m $ Pass set: 1, latency:   43 [m
[0;32m $ Pass set: 2, latency:    8 [m
[0;32m $ Pass set: 3, latency:    8 [m
[0;32m $ Pass set: 4, latency:   83 [m
[0;32m $ Pass set: 5, latency:   48 [m
[0;32m $ Pass set: 6, latency:   99 [m
[0;32m $ Pass set: 7, latency:    8 [m
[0;33m ###### Pass pattern: 95 ###### [m
[0;34m =========== Pattern: 96 =========== [m
[0;32m $ Pass set: 0, latency:    8 [m
[0;32m $ Pass set: 1, latency:    8 [m
[0;32m $ Pass set: 2, latency:    8 [m
[0;32m $ Pass set: 3, latency:  174 [m
[0;32m $ Pass set: 4, latency:  139 [m
[0;32m $ Pass set: 5, latency:  179 [m
[0;32m $ Pass set: 6, latency:  419 [m
[0;32m $ Pass set: 7, latency:  175 [m
[0;33m ###### Pass pattern: 96 ###### [m
[0;34m =========== Pattern: 97 =========== [m
[0;32m $ Pass set: 0, latency:   22 [m
[0;32m $ Pass set: 1, latency:   22 [m
[0;32m $ Pass set: 2, latency:    9 [m
[0;32m $ Pass set: 3, latency:   11 [m
[0;32m $ Pass set: 4, latency:   37 [m
[0;32m $ Pass set: 5, latency:   25 [m
[0;32m $ Pass set: 6, latency:   22 [m
[0;32m $ Pass set: 7, latency:    9 [m
[0;33m ###### Pass pattern: 97 ###### [m
[0;34m =========== Pattern: 98 =========== [m
[0;32m $ Pass set: 0, latency:    8 [m
[0;32m $ Pass set: 1, latency:   59 [m
[0;32m $ Pass set: 2, latency:    8 [m
[0;32m $ Pass set: 3, latency:    8 [m
[0;32m $ Pass set: 4, latency:   48 [m
[0;32m $ Pass set: 5, latency:   57 [m
[0;32m $ Pass set: 6, latency:    8 [m
[0;32m $ Pass set: 7, latency:    8 [m
[0;33m ###### Pass pattern: 98 ###### [m
[0;34m =========== Pattern: 99 =========== [m
[0;32m $ Pass set: 0, latency:    8 [m
[0;32m $ Pass set: 1, latency:    8 [m
[0;32m $ Pass set: 2, latency:    8 [m
[0;32m $ Pass set: 3, latency:   37 [m
[0;32m $ Pass set: 4, latency:   23 [m
[0;32m $ Pass set: 5, latency:    8 [m
[0;32m $ Pass set: 6, latency:   11 [m
[0;32m $ Pass set: 7, latency:    8 [m
[0;33m ###### Pass pattern: 99 ###### [m




                        [0;32m＼O/       [mI LOVE ICLAB!                    
                        [0;32m  \\
                        [0;32m ノノ
        [0;34m------------
        | ┏┓ ┏┓ ┏┓ |
        | ┗┛ ┗┛ ┗┛ |
        | ┏┓ ┏┓ ┏┓ |
        [0;34m| ┗┛ ┗┛ ┗┛ |   
        [0;34m| ┏┓ ┏┓ ┏┓ |   
        [0;34m| ┗┛ ┗┛ ┗┛ |   
        [0;34m| ┏┓ ┏┓ ┏┓ |            															    							
        [0;34m| ┗┛ ┗┛ ┗┛ |            															    							
        [0;34m| ┏┓ ┏┓ ┏┓ |            															    							
        [0;34m| ┗┛ ┗┛ ┗┛ |            															    							
        [0;34m| ┏┓ ┏┓ ┏┓ |            															    							
        [0;34m| ┗┛ ┗┛ ┗┛ |            															    							
        [0;34m| ┏┓ ┏┓ ┏┓ |            															    							
        [0;34m| ┗┛ ┗┛ ┗┛ |            															    							
        [0;34m| ┏┓ ┏┓ ┏┓ |                   [33m [5m TQQQQQQQRV            QQQV            XQKFDDIPR       SOIDDELPV  
        [0;34m| ┗┛ ┗┛ ┗┛ |                   [33m [5m GAAAAAAAAAAAM        EAAAAW        ZCAAAAAAAAAAT   QAAAAAAAAAAE  
        [0;34m| ┏┓ ┏┓ ┏┓ |                   [33m [5m GAAG     TAAAB      MAAHAAD       YAAAH       Y   RAAAU       X  	
        [0;34m| ┗┛ ┗┛ ┗┛ |                   [33m [5m GAAG      ZAAAT    SAAF DAAE      OAAA            CAAG           	
        [0;34m| ┏┓ ┏┓ ┏┓ |                   [33m [5m GAAG       AAAT    AAAU  BAAS     ZAAABZ          TAAAD          	
        [0;34m| ┗┛ ┗┛ ┗┛ |                   [33m [5m GAAG      CAAB    GAAP   RAAA       FAAAABU        UBAAAADV      
        [0;34m| ┏┓ ┏┓ ┏┓ |                   [33m [5m GAAAAAAAAAAAL    VAAD     IAAH        QDAAAAAN        LBAAAAAS    
        [0;34m| ┗┛ ┗┛ ┗┛ |                   [33m [5m GAAAAAAACPV     YAAAJMMMMMKAAAR           QAAAAQ         UHAAAC   
        [0;34m| ┏┓ ┏┓ ┏┓ |                   [33m [5m GAAG            EAAAAAAAAAAAAAAW            OAAA            BAAD 
        [0;34m| ┗┛ ┗┛ ┗┛ |                   [33m [5m GAAG           KAAB         JAAC            SAAA            DAAD  
        [0;34m| ┏┓ ┏┓ ┏┓ |                   [33m [5m GAAG           AAAW          AAAL OAAL     DAAAM  CABT    PAAAA   
        [0;34m| ┗┛ ┗┛ ┗┛ |                   [33m [5m GAAG          AAAE           TAAA RDAAAAAAAABI    IAAAAAAAAADT    
        [0;34m| ┏┓ ┏┓ ┏┓ |            															    							
        [0;34m| ┗┛ ┗┛ ┗┛ |            															    							
[m---------------------------------------------------------------------------------------------------------------------------
********************************************************************************
                                Congratulations!                                
                      Your execution cycles: 67357 cycles                         
                          Your clock period: 20.0 ns                            
                              Total Latency: 1347140.0 ns                            
********************************************************************************
$finish called from file "PATTERN.v", line 37.
$finish at simulation time       25454710000 ps
           V C S   S i m u l a t i o n   R e p o r t 
Time: 25454710000 ps
CPU Time:      9.610 seconds;       Data structure size:   0.1Mb
Mon Oct 14 12:41:55 2024
CPU time: 1.219 seconds to compile + .458 seconds to elab + .379 seconds to link + 9.643 seconds in simulation
